<?xml version="1.0" encoding="UTF-8"?>
<testsuite name="com.kodilla.hibernate.task.dao.TaskFinancialDetailsDaoTestSuite" tests="1" skipped="0" failures="0" errors="0" timestamp="2018-09-17T20:42:38" hostname="MacBook-Air-Kasia.local" time="0.062">
  <properties/>
  <testcase name="testFindByPaid" classname="com.kodilla.hibernate.task.dao.TaskFinancialDetailsDaoTestSuite" time="0.062"/>
  <system-out><![CDATA[2018-09-17 22:42:38.696  INFO 26592 --- [    Test worker] .b.t.c.SpringBootTestContextBootstrapper : Neither @ContextConfiguration nor @ContextHierarchy found for test class [com.kodilla.hibernate.task.dao.TaskFinancialDetailsDaoTestSuite], using SpringBootContextLoader
2018-09-17 22:42:38.696  INFO 26592 --- [    Test worker] o.s.t.c.support.AbstractContextLoader    : Could not detect default resource locations for test class [com.kodilla.hibernate.task.dao.TaskFinancialDetailsDaoTestSuite]: no resource found for suffixes {-context.xml, Context.groovy}.
2018-09-17 22:42:38.697  INFO 26592 --- [    Test worker] t.c.s.AnnotationConfigContextLoaderUtils : Could not detect default configuration classes for test class [com.kodilla.hibernate.task.dao.TaskFinancialDetailsDaoTestSuite]: TaskFinancialDetailsDaoTestSuite does not declare any static, non-private, non-final, nested classes annotated with @Configuration.
2018-09-17 22:42:38.700  INFO 26592 --- [    Test worker] .b.t.c.SpringBootTestContextBootstrapper : Found @SpringBootConfiguration com.kodilla.hibernate.KodillaHibernateApplication for test class com.kodilla.hibernate.task.dao.TaskFinancialDetailsDaoTestSuite
2018-09-17 22:42:38.704  INFO 26592 --- [    Test worker] .b.t.c.SpringBootTestContextBootstrapper : Loaded default TestExecutionListener class names from location [META-INF/spring.factories]: [org.springframework.boot.test.autoconfigure.restdocs.RestDocsTestExecutionListener, org.springframework.boot.test.autoconfigure.web.client.MockRestServiceServerResetTestExecutionListener, org.springframework.boot.test.autoconfigure.web.servlet.MockMvcPrintOnlyOnFailureTestExecutionListener, org.springframework.boot.test.autoconfigure.web.servlet.WebDriverTestExecutionListener, org.springframework.boot.test.mock.mockito.MockitoTestExecutionListener, org.springframework.boot.test.mock.mockito.ResetMocksTestExecutionListener, org.springframework.test.context.web.ServletTestExecutionListener, org.springframework.test.context.support.DirtiesContextBeforeModesTestExecutionListener, org.springframework.test.context.support.DependencyInjectionTestExecutionListener, org.springframework.test.context.support.DirtiesContextTestExecutionListener, org.springframework.test.context.transaction.TransactionalTestExecutionListener, org.springframework.test.context.jdbc.SqlScriptsTestExecutionListener]
2018-09-17 22:42:38.707  INFO 26592 --- [    Test worker] .b.t.c.SpringBootTestContextBootstrapper : Using TestExecutionListeners: [org.springframework.test.context.support.DirtiesContextBeforeModesTestExecutionListener@78c2fba0, org.springframework.boot.test.mock.mockito.MockitoTestExecutionListener@523ad4ac, org.springframework.boot.test.autoconfigure.SpringBootDependencyInjectionTestExecutionListener@20059ca, org.springframework.test.context.support.DirtiesContextTestExecutionListener@50769310, org.springframework.test.context.transaction.TransactionalTestExecutionListener@3f066d45, org.springframework.test.context.jdbc.SqlScriptsTestExecutionListener@3b1d51bd, org.springframework.boot.test.autoconfigure.restdocs.RestDocsTestExecutionListener@3b53911d, org.springframework.boot.test.autoconfigure.web.client.MockRestServiceServerResetTestExecutionListener@5fd97b74, org.springframework.boot.test.autoconfigure.web.servlet.MockMvcPrintOnlyOnFailureTestExecutionListener@5339498f, org.springframework.boot.test.autoconfigure.web.servlet.WebDriverTestExecutionListener@2786aec, org.springframework.boot.test.mock.mockito.ResetMocksTestExecutionListener@2584d8c7]
Hibernate: insert into tasks_financials (paid, price) values (?, ?)
Hibernate: select taskfinanc0_.id as id1_8_, taskfinanc0_.paid as paid2_8_, taskfinanc0_.price as price3_8_ from tasks_financials taskfinanc0_ where taskfinanc0_.paid=?
Hibernate: select taskfinanc0_.id as id1_8_0_, taskfinanc0_.paid as paid2_8_0_, taskfinanc0_.price as price3_8_0_ from tasks_financials taskfinanc0_ where taskfinanc0_.id=?
Hibernate: delete from tasks_financials where id=?
]]></system-out>
  <system-err><![CDATA[]]></system-err>
</testsuite>
