<?xml version="1.0" encoding="UTF-8"?>
<testsuite name="com.kodilla.patterns.strategy.social.UserTestSuite" tests="2" skipped="0" failures="0" errors="0" timestamp="2018-07-14T20:30:00" hostname="MacBook-Air-Kasia.local" time="0.011">
  <properties/>
  <testcase name="testDefaultSharingStrategies" classname="com.kodilla.patterns.strategy.social.UserTestSuite" time="0.01"/>
  <testcase name="testIndividualSharingStrategy" classname="com.kodilla.patterns.strategy.social.UserTestSuite" time="0.0"/>
  <system-out><![CDATA[Mark use: Twitter
Kate use: Facebook
Joe use: Snapchat
Mark use: Twitter
Mark use: Snapchat
]]></system-out>
  <system-err><![CDATA[]]></system-err>
</testsuite>
