<?xml version="1.0" encoding="UTF-8"?>
<testsuite name="com.kodilla.patterns.builder.bigmac.BigmacTestSuite" tests="1" skipped="0" failures="0" errors="0" timestamp="2018-07-14T20:29:59" hostname="MacBook-Air-Kasia.local" time="0.006">
  <properties/>
  <testcase name="testBigmacNew" classname="com.kodilla.patterns.builder.bigmac.BigmacTestSuite" time="0.006"/>
  <system-out><![CDATA[Bigmac{bun='with sesame', burgers='2', sauce='barbecue', ingredients=[onion, bacon, chilli, cucumber, mushrooms]}
]]></system-out>
  <system-err><![CDATA[]]></system-err>
</testsuite>
