<?xml version="1.0" encoding="UTF-8"?>
<testsuite name="com.kodilla.patterns.singleton.LoggerTestSuite" tests="1" skipped="0" failures="0" errors="0" timestamp="2018-07-14T20:29:59" hostname="MacBook-Air-Kasia.local" time="0.001">
  <properties/>
  <testcase name="testGetLastLog" classname="com.kodilla.patterns.singleton.LoggerTestSuite" time="0.001"/>
  <system-out><![CDATA[Log: [user Jan Kowalski add new post]
Last log: user Jan Kowalski add new post
]]></system-out>
  <system-err><![CDATA[]]></system-err>
</testsuite>
